<?xml version="1.0" encoding="UTF-8"?>
<testng-results ignored="1" total="5" passed="4" failed="0" skipped="0">
  <reporter-output>
  </reporter-output>
  <suite started-at="2023-01-12T15:55:08 IST" name="Suite" finished-at="2023-01-12T15:55:28 IST" duration-ms="19894">
    <groups>
      <group name="regression">
        <method signature="Tc_Food_003.toOpenMcDonalds()[pri:0, instance:foodWebsites.Tc_Food_003@5276e6b0]" name="toOpenMcDonalds" class="foodWebsites.Tc_Food_003"/>
        <method signature="Tc_Food_004.toOpenburgerKing()[pri:0, instance:foodWebsites.Tc_Food_004@769e7ee8]" name="toOpenburgerKing" class="foodWebsites.Tc_Food_004"/>
      </group> <!-- regression -->
      <group name="smoke">
        <method signature="Tc_Food_001.toOpenKFC(java.lang.String)[pri:0, instance:foodWebsites.Tc_Food_001@6193932a]" name="toOpenKFC" class="foodWebsites.Tc_Food_001"/>
        <method signature="Tc_Food_002.toOpenDominos()[pri:0, instance:foodWebsites.Tc_Food_002@71b1176b]" name="toOpenDominos" class="foodWebsites.Tc_Food_002"/>
      </group> <!-- smoke -->
    </groups>
    <test started-at="2023-01-12T15:55:08 IST" name="Test" finished-at="2023-01-12T15:55:28 IST" duration-ms="19894">
      <class name="foodWebsites.Tc_Food_004">
        <test-method signature="toOpenburgerKing()[pri:0, instance:foodWebsites.Tc_Food_004@769e7ee8]" started-at="2023-01-12T15:55:24 IST" name="toOpenburgerKing" depends-on-groups="smoke" finished-at="2023-01-12T15:55:28 IST" duration-ms="3906" status="PASS">
          <reporter-output>
          </reporter-output>
        </test-method> <!-- toOpenburgerKing -->
      </class> <!-- foodWebsites.Tc_Food_004 -->
      <class name="foodWebsites.Tc_Food_003">
        <test-method signature="toOpenMcDonalds()[pri:0, instance:foodWebsites.Tc_Food_003@5276e6b0]" started-at="2023-01-12T15:55:08 IST" name="toOpenMcDonalds" finished-at="2023-01-12T15:55:13 IST" duration-ms="4145" status="PASS">
          <reporter-output>
          </reporter-output>
        </test-method> <!-- toOpenMcDonalds -->
      </class> <!-- foodWebsites.Tc_Food_003 -->
      <class name="foodWebsites.Tc_Food_002">
        <test-method signature="toOpenDominos()[pri:0, instance:foodWebsites.Tc_Food_002@71b1176b]" started-at="2023-01-12T15:55:13 IST" name="toOpenDominos" finished-at="2023-01-12T15:55:22 IST" duration-ms="9144" status="PASS">
          <reporter-output>
          </reporter-output>
        </test-method> <!-- toOpenDominos -->
      </class> <!-- foodWebsites.Tc_Food_002 -->
      <class name="foodWebsites.Tc_Food_001">
        <test-method signature="toOpenKFC(java.lang.String)[pri:0, instance:foodWebsites.Tc_Food_001@6193932a]" started-at="2023-01-12T15:55:22 IST" name="toOpenKFC" finished-at="2023-01-12T15:55:24 IST" duration-ms="2638" status="PASS">
          <params>
            <param index="0">
              <value is-null="true"/>
            </param>
          </params>
          <reporter-output>
          </reporter-output>
        </test-method> <!-- toOpenKFC -->
      </class> <!-- foodWebsites.Tc_Food_001 -->
    </test> <!-- Test -->
  </suite> <!-- Suite -->
</testng-results>
