<?xml version="1.0" encoding="UTF-8"?>
<!-- Generated by org.testng.reporters.JUnitXMLReporter -->
<testsuite ignored="0" hostname="LAPTOP-MAAR5IGM" failures="0" tests="3" name="CoolDrinksTest" time="43.979" errors="0" timestamp="2023-01-03T13:24:44 IST">
  <testcase classname="cooldrinks.Tc_CoolDrinks_001" name="toOpenCocoCola" time="16.007"/>
  <testcase classname="cooldrinks.Tc_CoolDrinks_002" name="toOpenPepsi" time="14.314"/>
  <testcase classname="cooldrinks.Tc_CoolDrinks_003" name="toOpenMountainDue" time="13.62"/>
</testsuite> <!-- CoolDrinksTest -->
