<?xml version="1.0" encoding="UTF-8"?>
<!-- Generated by org.testng.reporters.JUnitXMLReporter -->
<testsuite ignored="0" hostname="LAPTOP-MAAR5IGM" failures="0" tests="4" name="FoodTest" time="23.033" errors="0" timestamp="2023-01-03T13:24:23 IST">
  <testcase classname="foodWebsites.Tc_Food_001" name="toOpenKFC" time="3.54"/>
  <testcase classname="foodWebsites.Tc_Food_002" name="toOpenDominos" time="10.686"/>
  <testcase classname="foodWebsites.Tc_Food_003" name="toOpenMcDonalds" time="3.952"/>
  <testcase classname="foodWebsites.Tc_Food_004" name="toOpenburgerKing" time="4.804"/>
</testsuite> <!-- FoodTest -->
