<?xml version="1.0" encoding="UTF-8"?>
<!-- Generated by org.testng.reporters.JUnitXMLReporter -->
<testsuite ignored="1" hostname="LAPTOP-MAAR5IGM" failures="0" tests="4" name="Test" time="19.894" errors="0" timestamp="2023-01-12T15:55:28 IST">
  <testcase classname="foodWebsites.Tc_Food_003" name="toOpenMcDonalds" time="4.145"/>
  <testcase classname="foodWebsites.Tc_Food_002" name="toOpenDominos" time="9.144"/>
  <testcase classname="foodWebsites.Tc_Food_001" name="toOpenKFC" time="2.638"/>
  <testcase classname="foodWebsites.Tc_Food_004" name="toOpenburgerKing" time="3.906"/>
  <testcase classname="foodWebsites.Tc_Food_004" name="toPrintHi" time="0.0">
    <ignored/>
  </testcase> <!-- toPrintHi -->
</testsuite> <!-- Test -->
